<?xml version="1.0" encoding="UTF-8"?>
<!-- Generated by org.testng.reporters.JUnitReportReporter -->
<testsuite skipped="0" hostname="LAPTOP-IE1JPG9H" name="nsstodolisttestcases.selectAllTasks" tests="1" failures="0" timestamp="29 Oct 2018 03:26:09 GMT" time="0.261" errors="0">
  <testcase name="Togglebutton" time="0.261" classname="nsstodolisttestcases.selectAllTasks"/>
</testsuite> <!-- nsstodolisttestcases.selectAllTasks -->
