<?xml version="1.0" encoding="UTF-8"?>
<!-- Generated by org.testng.reporters.JUnitReportReporter -->
<testsuite skipped="0" hostname="LAPTOP-IE1JPG9H" name="nsstodolisttestcases.advancelinkTest" tests="1" failures="0" timestamp="29 Oct 2018 03:37:51 GMT" time="0.454" errors="0">
  <testcase name="checkadvancelinkisclickabe" time="0.454" classname="nsstodolisttestcases.advancelinkTest"/>
</testsuite> <!-- nsstodolisttestcases.advancelinkTest -->
