<?xml version="1.0" encoding="UTF-8"?>
<!-- Generated by org.testng.reporters.JUnitReportReporter -->
<testsuite skipped="0" hostname="LAPTOP-IE1JPG9H" name="nsstodolisttestcases.addcategory" tests="1" failures="0" timestamp="29 Oct 2018 05:20:15 GMT" time="1.905" errors="0">
  <testcase name="addnewcategory" time="1.905" classname="nsstodolisttestcases.addcategory"/>
</testsuite> <!-- nsstodolisttestcases.addcategory -->
