<?xml version="1.0" encoding="UTF-8"?>
<!-- Generated by org.testng.reporters.JUnitReportReporter -->
<testsuite skipped="0" hostname="LAPTOP-IE1JPG9H" name="nsstodolisttestcases.deleteCategory" tests="1" failures="0" timestamp="29 Oct 2018 03:17:43 GMT" time="1.154" errors="0">
  <testcase name="DeleteCategory" time="1.154" classname="nsstodolisttestcases.deleteCategory"/>
</testsuite> <!-- nsstodolisttestcases.deleteCategory -->
